<?xml version="1.0" encoding="UTF-8"?>
<testsuite name="com.mindex.challenge.service.impl.CompensationServiceImplTest" tests="1" skipped="0" failures="0" errors="0" timestamp="2022-02-18T01:22:39" hostname="MacBook-Air-6.local" time="0.371">
  <properties/>
  <testcase name="testCreateReadUpdate" classname="com.mindex.challenge.service.impl.CompensationServiceImplTest" time="0.371"/>
  <system-out><![CDATA[2022-02-17 20:22:38.014  INFO 25704 --- [    Test worker] .b.t.c.SpringBootTestContextBootstrapper : Neither @ContextConfiguration nor @ContextHierarchy found for test class [com.mindex.challenge.service.impl.CompensationServiceImplTest], using SpringBootContextLoader
2022-02-17 20:22:38.020  INFO 25704 --- [    Test worker] o.s.t.c.support.AbstractContextLoader    : Could not detect default resource locations for test class [com.mindex.challenge.service.impl.CompensationServiceImplTest]: no resource found for suffixes {-context.xml, Context.groovy}.
2022-02-17 20:22:38.021  INFO 25704 --- [    Test worker] t.c.s.AnnotationConfigContextLoaderUtils : Could not detect default configuration classes for test class [com.mindex.challenge.service.impl.CompensationServiceImplTest]: CompensationServiceImplTest does not declare any static, non-private, non-final, nested classes annotated with @Configuration.
2022-02-17 20:22:38.045  INFO 25704 --- [    Test worker] .b.t.c.SpringBootTestContextBootstrapper : Found @SpringBootConfiguration com.mindex.challenge.ChallengeApplication for test class com.mindex.challenge.service.impl.CompensationServiceImplTest
2022-02-17 20:22:38.051  INFO 25704 --- [    Test worker] .b.t.c.SpringBootTestContextBootstrapper : Loaded default TestExecutionListener class names from location [META-INF/spring.factories]: [org.springframework.boot.test.autoconfigure.restdocs.RestDocsTestExecutionListener, org.springframework.boot.test.autoconfigure.web.client.MockRestServiceServerResetTestExecutionListener, org.springframework.boot.test.autoconfigure.web.servlet.MockMvcPrintOnlyOnFailureTestExecutionListener, org.springframework.boot.test.autoconfigure.web.servlet.WebDriverTestExecutionListener, org.springframework.boot.test.mock.mockito.MockitoTestExecutionListener, org.springframework.boot.test.mock.mockito.ResetMocksTestExecutionListener, org.springframework.test.context.web.ServletTestExecutionListener, org.springframework.test.context.support.DirtiesContextBeforeModesTestExecutionListener, org.springframework.test.context.support.DependencyInjectionTestExecutionListener, org.springframework.test.context.support.DirtiesContextTestExecutionListener, org.springframework.test.context.transaction.TransactionalTestExecutionListener, org.springframework.test.context.jdbc.SqlScriptsTestExecutionListener, org.springframework.test.context.event.EventPublishingTestExecutionListener]
2022-02-17 20:22:38.052  INFO 25704 --- [    Test worker] .b.t.c.SpringBootTestContextBootstrapper : Using TestExecutionListeners: [org.springframework.test.context.web.ServletTestExecutionListener@1008df1e, org.springframework.test.context.support.DirtiesContextBeforeModesTestExecutionListener@7ee12d58, org.springframework.boot.test.mock.mockito.MockitoTestExecutionListener@e72fb04, org.springframework.boot.test.autoconfigure.SpringBootDependencyInjectionTestExecutionListener@1533338c, org.springframework.test.context.support.DirtiesContextTestExecutionListener@4315fe1b, org.springframework.test.context.transaction.TransactionalTestExecutionListener@34e990cc, org.springframework.test.context.jdbc.SqlScriptsTestExecutionListener@2d5ae78e, org.springframework.test.context.event.EventPublishingTestExecutionListener@21f91efa, org.springframework.boot.test.autoconfigure.restdocs.RestDocsTestExecutionListener@4df0d9f8, org.springframework.boot.test.autoconfigure.web.client.MockRestServiceServerResetTestExecutionListener@35e75f7a, org.springframework.boot.test.autoconfigure.web.servlet.MockMvcPrintOnlyOnFailureTestExecutionListener@4f7bb8df, org.springframework.boot.test.autoconfigure.web.servlet.WebDriverTestExecutionListener@269c7104, org.springframework.boot.test.mock.mockito.ResetMocksTestExecutionListener@6de84336]

  .   ____          _            __ _ _
 /\\ / ___'_ __ _ _(_)_ __  __ _ \ \ \ \
( ( )\___ | '_ | '_| | '_ \/ _` | \ \ \ \
 \\/  ___)| |_)| | | | | || (_| |  ) ) ) )
  '  |____| .__|_| |_|_| |_\__, | / / / /
 =========|_|==============|___/=/_/_/_/
 :: Spring Boot ::        (v2.2.0.RELEASE)

2022-02-17 20:22:38.111  INFO 25704 --- [    Test worker] c.m.c.s.i.CompensationServiceImplTest    : Starting CompensationServiceImplTest on MacBook-Air-6.lan with PID 25704 (started by Rutvik in /Users/Rutvik/Downloads/mindex-java-code-challenge)
2022-02-17 20:22:38.111 DEBUG 25704 --- [    Test worker] c.m.c.s.i.CompensationServiceImplTest    : Running with Spring Boot v2.2.0.RELEASE, Spring v5.2.0.RELEASE
2022-02-17 20:22:38.112  INFO 25704 --- [    Test worker] c.m.c.s.i.CompensationServiceImplTest    : No active profile set, falling back to default profiles: default
2022-02-17 20:22:38.389  INFO 25704 --- [    Test worker] .s.d.r.c.RepositoryConfigurationDelegate : Bootstrapping Spring Data repositories in DEFAULT mode.
2022-02-17 20:22:38.412  INFO 25704 --- [    Test worker] .s.d.r.c.RepositoryConfigurationDelegate : Finished Spring Data repository scanning in 22ms. Found 2 repository interfaces.
2022-02-17 20:22:38.719  INFO 25704 --- [    Test worker] o.s.b.w.embedded.tomcat.TomcatWebServer  : Tomcat initialized with port(s): 0 (http)
2022-02-17 20:22:38.771  INFO 25704 --- [    Test worker] o.apache.catalina.core.StandardService   : Starting service [Tomcat]
2022-02-17 20:22:38.774  INFO 25704 --- [    Test worker] org.apache.catalina.core.StandardEngine  : Starting Servlet engine: [Apache Tomcat/9.0.27]
2022-02-17 20:22:39.033  INFO 25704 --- [    Test worker] o.a.c.c.C.[Tomcat].[localhost].[/]       : Initializing Spring embedded WebApplicationContext
2022-02-17 20:22:39.036  INFO 25704 --- [    Test worker] o.s.web.context.ContextLoader            : Root WebApplicationContext: initialization completed in 916 ms
2022-02-17 20:22:39.181  INFO 25704 --- [    Test worker] de.bwaldvogel.mongo.MongoServer          : started MongoServer(port: 60272, ssl: false)
2022-02-17 20:22:39.189  INFO 25704 --- [    Test worker] org.mongodb.driver.cluster               : Cluster created with settings {hosts=[127.0.0.1:60272], mode=SINGLE, requiredClusterType=UNKNOWN, serverSelectionTimeout='30000 ms', maxWaitQueueSize=500}
2022-02-17 20:22:39.202  INFO 25704 --- [-server-worker1] d.b.mongo.wire.MongoWireProtocolHandler  : client [id: 0x919b7981, L:/127.0.0.1:60272 - R:/127.0.0.1:60273] connected
2022-02-17 20:22:39.230  INFO 25704 --- [127.0.0.1:60272] org.mongodb.driver.connection            : Opened connection [connectionId{localValue:3}] to 127.0.0.1:60272
2022-02-17 20:22:39.234  WARN 25704 --- [    Test worker] o.s.data.convert.CustomConversions       : Registering converter from class java.time.LocalDateTime to class java.time.Instant as reading converter although it doesn't convert from a store-supported type! You might wanna check you annotation setup at the converter implementation.
2022-02-17 20:22:39.237  WARN 25704 --- [    Test worker] o.s.data.convert.CustomConversions       : Registering converter from class java.time.Instant to class java.time.LocalDateTime as reading converter although it doesn't convert from a store-supported type! You might wanna check you annotation setup at the converter implementation.
2022-02-17 20:22:39.237  INFO 25704 --- [127.0.0.1:60272] org.mongodb.driver.cluster               : Monitor thread successfully connected to server with description ServerDescription{address=127.0.0.1:60272, type=STANDALONE, state=CONNECTED, ok=true, version=ServerVersion{versionList=[3, 0, 0]}, minWireVersion=0, maxWireVersion=2, maxDocumentSize=16777216, logicalSessionTimeoutMinutes=null, roundTripTimeNanos=5909833}
2022-02-17 20:22:39.241  WARN 25704 --- [    Test worker] o.s.data.convert.CustomConversions       : Registering converter from class java.time.LocalDateTime to class java.time.Instant as reading converter although it doesn't convert from a store-supported type! You might wanna check you annotation setup at the converter implementation.
2022-02-17 20:22:39.243  WARN 25704 --- [    Test worker] o.s.data.convert.CustomConversions       : Registering converter from class java.time.Instant to class java.time.LocalDateTime as reading converter although it doesn't convert from a store-supported type! You might wanna check you annotation setup at the converter implementation.
2022-02-17 20:22:39.395  INFO 25704 --- [-server-worker2] d.b.mongo.wire.MongoWireProtocolHandler  : client [id: 0xf07b07e8, L:/127.0.0.1:60272 - R:/127.0.0.1:60275] connected
2022-02-17 20:22:39.411  INFO 25704 --- [    Test worker] org.mongodb.driver.connection            : Opened connection [connectionId{localValue:4}] to 127.0.0.1:60272
2022-02-17 20:22:39.412  INFO 25704 --- [-server-worker2] d.b.mongo.backend.AbstractMongoBackend   : created database test
2022-02-17 20:22:39.413  INFO 25704 --- [-server-worker2] d.b.mongo.backend.AbstractMongoDatabase  : adding unique _id index for collection employee
2022-02-17 20:22:39.413  INFO 25704 --- [-server-worker2] d.b.mongo.backend.AbstractMongoDatabase  : created collection test.employee
2022-02-17 20:22:39.721  INFO 25704 --- [    Test worker] o.s.s.concurrent.ThreadPoolTaskExecutor  : Initializing ExecutorService 'applicationTaskExecutor'
2022-02-17 20:22:39.849  WARN 25704 --- [    Test worker] o.s.data.convert.CustomConversions       : Registering converter from class java.time.LocalDateTime to class java.time.Instant as reading converter although it doesn't convert from a store-supported type! You might wanna check you annotation setup at the converter implementation.
2022-02-17 20:22:39.852  WARN 25704 --- [    Test worker] o.s.data.convert.CustomConversions       : Registering converter from class java.time.Instant to class java.time.LocalDateTime as reading converter although it doesn't convert from a store-supported type! You might wanna check you annotation setup at the converter implementation.
2022-02-17 20:22:39.869  WARN 25704 --- [    Test worker] o.s.data.convert.CustomConversions       : Registering converter from class java.time.LocalDateTime to class java.time.Instant as reading converter although it doesn't convert from a store-supported type! You might wanna check you annotation setup at the converter implementation.
2022-02-17 20:22:39.870  WARN 25704 --- [    Test worker] o.s.data.convert.CustomConversions       : Registering converter from class java.time.Instant to class java.time.LocalDateTime as reading converter although it doesn't convert from a store-supported type! You might wanna check you annotation setup at the converter implementation.
2022-02-17 20:22:39.955  INFO 25704 --- [    Test worker] o.s.b.w.embedded.tomcat.TomcatWebServer  : Tomcat started on port(s): 60276 (http) with context path ''
2022-02-17 20:22:39.956  INFO 25704 --- [    Test worker] c.m.c.s.i.CompensationServiceImplTest    : Started CompensationServiceImplTest in 1.898 seconds (JVM running for 8.98)
2022-02-17 20:22:40.123  INFO 25704 --- [o-auto-1-exec-1] o.a.c.c.C.[Tomcat].[localhost].[/]       : Initializing Spring DispatcherServlet 'dispatcherServlet'
2022-02-17 20:22:40.126  INFO 25704 --- [o-auto-1-exec-1] o.s.web.servlet.DispatcherServlet        : Initializing Servlet 'dispatcherServlet'
2022-02-17 20:22:40.196  INFO 25704 --- [o-auto-1-exec-1] o.s.web.servlet.DispatcherServlet        : Completed initialization in 69 ms
2022-02-17 20:22:40.246 DEBUG 25704 --- [o-auto-1-exec-1] c.m.c.controller.CompensationController  : Received compensation create request for [com.mindex.challenge.data.Compensation@1973151]
2022-02-17 20:22:40.247 DEBUG 25704 --- [o-auto-1-exec-1] c.m.c.service.impl.CompensationImpl      : Creating employee compensation [com.mindex.challenge.data.Compensation@1973151]
2022-02-17 20:22:40.313  INFO 25704 --- [-server-worker2] d.b.mongo.backend.AbstractMongoDatabase  : adding unique _id index for collection compensation
2022-02-17 20:22:40.314  INFO 25704 --- [-server-worker2] d.b.mongo.backend.AbstractMongoDatabase  : created collection test.compensation
]]></system-out>
  <system-err><![CDATA[]]></system-err>
</testsuite>
