<?xml version="1.0" encoding="UTF-8"?>
<testsuite name="com.mindex.challenge.service.impl.EmployeeServiceImplTest" tests="1" skipped="0" failures="0" errors="0" timestamp="2022-02-18T01:22:40" hostname="MacBook-Air-6.local" time="0.071">
  <properties/>
  <testcase name="testCreateReadUpdate" classname="com.mindex.challenge.service.impl.EmployeeServiceImplTest" time="0.071"/>
  <system-out><![CDATA[2022-02-17 20:22:40.343  INFO 25704 --- [    Test worker] .b.t.c.SpringBootTestContextBootstrapper : Neither @ContextConfiguration nor @ContextHierarchy found for test class [com.mindex.challenge.service.impl.EmployeeServiceImplTest], using SpringBootContextLoader
2022-02-17 20:22:40.346  INFO 25704 --- [    Test worker] o.s.t.c.support.AbstractContextLoader    : Could not detect default resource locations for test class [com.mindex.challenge.service.impl.EmployeeServiceImplTest]: no resource found for suffixes {-context.xml, Context.groovy}.
2022-02-17 20:22:40.347  INFO 25704 --- [    Test worker] t.c.s.AnnotationConfigContextLoaderUtils : Could not detect default configuration classes for test class [com.mindex.challenge.service.impl.EmployeeServiceImplTest]: EmployeeServiceImplTest does not declare any static, non-private, non-final, nested classes annotated with @Configuration.
2022-02-17 20:22:40.352  INFO 25704 --- [    Test worker] .b.t.c.SpringBootTestContextBootstrapper : Found @SpringBootConfiguration com.mindex.challenge.ChallengeApplication for test class com.mindex.challenge.service.impl.EmployeeServiceImplTest
2022-02-17 20:22:40.357  INFO 25704 --- [    Test worker] .b.t.c.SpringBootTestContextBootstrapper : Loaded default TestExecutionListener class names from location [META-INF/spring.factories]: [org.springframework.boot.test.autoconfigure.restdocs.RestDocsTestExecutionListener, org.springframework.boot.test.autoconfigure.web.client.MockRestServiceServerResetTestExecutionListener, org.springframework.boot.test.autoconfigure.web.servlet.MockMvcPrintOnlyOnFailureTestExecutionListener, org.springframework.boot.test.autoconfigure.web.servlet.WebDriverTestExecutionListener, org.springframework.boot.test.mock.mockito.MockitoTestExecutionListener, org.springframework.boot.test.mock.mockito.ResetMocksTestExecutionListener, org.springframework.test.context.web.ServletTestExecutionListener, org.springframework.test.context.support.DirtiesContextBeforeModesTestExecutionListener, org.springframework.test.context.support.DependencyInjectionTestExecutionListener, org.springframework.test.context.support.DirtiesContextTestExecutionListener, org.springframework.test.context.transaction.TransactionalTestExecutionListener, org.springframework.test.context.jdbc.SqlScriptsTestExecutionListener, org.springframework.test.context.event.EventPublishingTestExecutionListener]
2022-02-17 20:22:40.358  INFO 25704 --- [    Test worker] .b.t.c.SpringBootTestContextBootstrapper : Using TestExecutionListeners: [org.springframework.test.context.web.ServletTestExecutionListener@215a0264, org.springframework.test.context.support.DirtiesContextBeforeModesTestExecutionListener@45832b85, org.springframework.boot.test.mock.mockito.MockitoTestExecutionListener@103478b8, org.springframework.boot.test.autoconfigure.SpringBootDependencyInjectionTestExecutionListener@270f7b4d, org.springframework.test.context.support.DirtiesContextTestExecutionListener@56b704ea, org.springframework.test.context.transaction.TransactionalTestExecutionListener@ab4d2ba, org.springframework.test.context.jdbc.SqlScriptsTestExecutionListener@39f68aec, org.springframework.test.context.event.EventPublishingTestExecutionListener@65ff4b8c, org.springframework.boot.test.autoconfigure.restdocs.RestDocsTestExecutionListener@b81938d, org.springframework.boot.test.autoconfigure.web.client.MockRestServiceServerResetTestExecutionListener@278cb145, org.springframework.boot.test.autoconfigure.web.servlet.MockMvcPrintOnlyOnFailureTestExecutionListener@2aa0feb2, org.springframework.boot.test.autoconfigure.web.servlet.WebDriverTestExecutionListener@351c6341, org.springframework.boot.test.mock.mockito.ResetMocksTestExecutionListener@32069394]
2022-02-17 20:22:40.386 DEBUG 25704 --- [o-auto-1-exec-2] c.m.c.controller.EmployeeController      : Received employee create request for [com.mindex.challenge.data.Employee@46019d78]
2022-02-17 20:22:40.386 DEBUG 25704 --- [o-auto-1-exec-2] c.m.c.service.impl.EmployeeServiceImpl   : Creating employee [com.mindex.challenge.data.Employee@46019d78]
2022-02-17 20:22:40.412 DEBUG 25704 --- [o-auto-1-exec-3] c.m.c.controller.EmployeeController      : Received employee create request for id [bdc234b3-aa37-4430-97c5-cbbda167d8e0]
2022-02-17 20:22:40.412 DEBUG 25704 --- [o-auto-1-exec-3] c.m.c.service.impl.EmployeeServiceImpl   : Creating employee with id [bdc234b3-aa37-4430-97c5-cbbda167d8e0]
2022-02-17 20:22:40.428 DEBUG 25704 --- [o-auto-1-exec-4] c.m.c.controller.EmployeeController      : Received employee create request for id [bdc234b3-aa37-4430-97c5-cbbda167d8e0] and employee [com.mindex.challenge.data.Employee@39937fda]
2022-02-17 20:22:40.429 DEBUG 25704 --- [o-auto-1-exec-4] c.m.c.service.impl.EmployeeServiceImpl   : Updating employee [com.mindex.challenge.data.Employee@39937fda]
]]></system-out>
  <system-err><![CDATA[]]></system-err>
</testsuite>
