<?xml version="1.0" encoding="UTF-8"?>
<testsuite name="com.mindex.challenge.DataBootstrapTest" tests="1" skipped="0" failures="0" errors="0" timestamp="2022-02-18T01:22:37" hostname="MacBook-Air-6.local" time="0.13">
  <properties/>
  <testcase name="test" classname="com.mindex.challenge.DataBootstrapTest" time="0.13"/>
  <system-out><![CDATA[2022-02-17 20:22:37.810  INFO 25704 --- [    Test worker] .b.t.c.SpringBootTestContextBootstrapper : Neither @ContextConfiguration nor @ContextHierarchy found for test class [com.mindex.challenge.DataBootstrapTest], using SpringBootContextLoader
2022-02-17 20:22:37.812  INFO 25704 --- [    Test worker] o.s.t.c.support.AbstractContextLoader    : Could not detect default resource locations for test class [com.mindex.challenge.DataBootstrapTest]: no resource found for suffixes {-context.xml, Context.groovy}.
2022-02-17 20:22:37.813  INFO 25704 --- [    Test worker] t.c.s.AnnotationConfigContextLoaderUtils : Could not detect default configuration classes for test class [com.mindex.challenge.DataBootstrapTest]: DataBootstrapTest does not declare any static, non-private, non-final, nested classes annotated with @Configuration.
2022-02-17 20:22:37.825  INFO 25704 --- [    Test worker] .b.t.c.SpringBootTestContextBootstrapper : Found @SpringBootConfiguration com.mindex.challenge.ChallengeApplication for test class com.mindex.challenge.DataBootstrapTest
2022-02-17 20:22:37.830  INFO 25704 --- [    Test worker] .b.t.c.SpringBootTestContextBootstrapper : Loaded default TestExecutionListener class names from location [META-INF/spring.factories]: [org.springframework.boot.test.autoconfigure.restdocs.RestDocsTestExecutionListener, org.springframework.boot.test.autoconfigure.web.client.MockRestServiceServerResetTestExecutionListener, org.springframework.boot.test.autoconfigure.web.servlet.MockMvcPrintOnlyOnFailureTestExecutionListener, org.springframework.boot.test.autoconfigure.web.servlet.WebDriverTestExecutionListener, org.springframework.boot.test.mock.mockito.MockitoTestExecutionListener, org.springframework.boot.test.mock.mockito.ResetMocksTestExecutionListener, org.springframework.test.context.web.ServletTestExecutionListener, org.springframework.test.context.support.DirtiesContextBeforeModesTestExecutionListener, org.springframework.test.context.support.DependencyInjectionTestExecutionListener, org.springframework.test.context.support.DirtiesContextTestExecutionListener, org.springframework.test.context.transaction.TransactionalTestExecutionListener, org.springframework.test.context.jdbc.SqlScriptsTestExecutionListener, org.springframework.test.context.event.EventPublishingTestExecutionListener]
2022-02-17 20:22:37.831  INFO 25704 --- [    Test worker] .b.t.c.SpringBootTestContextBootstrapper : Using TestExecutionListeners: [org.springframework.test.context.web.ServletTestExecutionListener@38e00b47, org.springframework.test.context.support.DirtiesContextBeforeModesTestExecutionListener@2a631049, org.springframework.boot.test.mock.mockito.MockitoTestExecutionListener@425b5fe2, org.springframework.boot.test.autoconfigure.SpringBootDependencyInjectionTestExecutionListener@3eec8583, org.springframework.test.context.support.DirtiesContextTestExecutionListener@66e1b2a, org.springframework.test.context.transaction.TransactionalTestExecutionListener@343db2f6, org.springframework.test.context.jdbc.SqlScriptsTestExecutionListener@2c815fdc, org.springframework.test.context.event.EventPublishingTestExecutionListener@769b0752, org.springframework.boot.test.autoconfigure.restdocs.RestDocsTestExecutionListener@dae5e0, org.springframework.boot.test.autoconfigure.web.client.MockRestServiceServerResetTestExecutionListener@59a94d0f, org.springframework.boot.test.autoconfigure.web.servlet.MockMvcPrintOnlyOnFailureTestExecutionListener@7ff09659, org.springframework.boot.test.autoconfigure.web.servlet.WebDriverTestExecutionListener@517fbf62, org.springframework.boot.test.mock.mockito.ResetMocksTestExecutionListener@65db548]
]]></system-out>
  <system-err><![CDATA[]]></system-err>
</testsuite>
